[-] Request: GET /__webpack_hmr at Mon Nov 11 2019 00:00:04 GMT+0530, User Agent: Mozilla/5.0 (Macintosh; Intel Mac OS X 10_14_5) AppleWebKit/537.36 (KHTML, like Gecko) Chrome/77.0.3865.90 Safari/537.36
[-] Response: 404 4.427 ms 
[-] Request: GET /__webpack_hmr at Mon Nov 11 2019 00:00:26 GMT+0530, User Agent: Mozilla/5.0 (Macintosh; Intel Mac OS X 10_14_5) AppleWebKit/537.36 (KHTML, like Gecko) Chrome/77.0.3865.90 Safari/537.36
[-] Response: 404 7.201 ms 
[-] Request: GET /__webpack_hmr at Mon Nov 11 2019 00:01:07 GMT+0530, User Agent: Mozilla/5.0 (Macintosh; Intel Mac OS X 10_14_5) AppleWebKit/537.36 (KHTML, like Gecko) Chrome/77.0.3865.90 Safari/537.36
[-] Response: 404 9.787 ms 
[-] Request: GET /__webpack_hmr at Mon Nov 11 2019 00:01:28 GMT+0530, User Agent: Mozilla/5.0 (Macintosh; Intel Mac OS X 10_14_5) AppleWebKit/537.36 (KHTML, like Gecko) Chrome/77.0.3865.90 Safari/537.36
[-] Response: 404 5.534 ms 
[-] Request: GET /report at Mon Nov 11 2019 00:01:48 GMT+0530, User Agent: Mozilla/5.0 (Macintosh; Intel Mac OS X 10_14_5) AppleWebKit/537.36 (KHTML, like Gecko) Chrome/77.0.3865.90 Safari/537.36
[undefined] Response Body:
<!doctype html>
<html class="no-js" lang="">

<head>
  <meta charset="utf-8">
  <title></title>
  <meta name="description" content="">
  <meta name="viewport" content="width=device-width, initial-scale=1, shrink-to-fit=no">

  <link rel="manifest" href="site.webmanifest">
  <link rel="apple-touch-icon" href="icon.png">
  <!-- Place favicon.ico in the root directory -->

  <link rel="stylesheet" href="https://stackpath.bootstrapcdn.com/bootstrap/4.3.1/css/bootstrap.min.css" integrity="sha384-ggOyR0iXCbMQv3Xipma34MD+dH/1fQ784/j6cY/iJTQUOhcWr7x9JvoRxT2MZw1T"
    crossorigin="anonymous">

  <!-- <link rel="stylesheet" href="css/normalize.css"> -->
  <!-- <link rel="stylesheet" href="css/main.css"> -->
  <link rel="stylesheet" href="css/styles.css">
</head>

<body>
  <!--[if IE]>
    <p class="browserupgrade">You are using an <strong>outdated</strong> browser. Please <a href="https://browsehappy.com/">upgrade your browser</a> to improve your experience and security.</p>
  <![endif]-->

  <!
[-] Response: 200 12.010 ms 
[-] Request: GET /api/v1/requirement at Mon Nov 11 2019 00:01:49 GMT+0530, User Agent: Mozilla/5.0 (Macintosh; Intel Mac OS X 10_14_5) AppleWebKit/537.36 (KHTML, like Gecko) Chrome/77.0.3865.90 Safari/537.36
[undefined] Response Body:
[
	{
		"active": true,
		"_id": "5dc855fd3233be880aac0ee2",
		"longitude": "78.3547013",
		"latitude": "17.505181999999998",
		"things": [],
		"date": "2019-11-10T18:25:01.271Z",
		"__v": 0
	}
]
[-] Response: 200 23.049 ms 
[-] Request: GET /__webpack_hmr at Mon Nov 11 2019 00:01:49 GMT+0530, User Agent: Mozilla/5.0 (Macintosh; Intel Mac OS X 10_14_5) AppleWebKit/537.36 (KHTML, like Gecko) Chrome/77.0.3865.90 Safari/537.36
[-] Response: 404 1.735 ms 
[-] Request: GET /__webpack_hmr at Mon Nov 11 2019 00:02:10 GMT+0530, User Agent: Mozilla/5.0 (Macintosh; Intel Mac OS X 10_14_5) AppleWebKit/537.36 (KHTML, like Gecko) Chrome/77.0.3865.90 Safari/537.36
[-] Response: 404 1.542 ms 
[-] Request: GET /__webpack_hmr at Mon Nov 11 2019 00:02:32 GMT+0530, User Agent: Mozilla/5.0 (Macintosh; Intel Mac OS X 10_14_5) AppleWebKit/537.36 (KHTML, like Gecko) Chrome/77.0.3865.90 Safari/537.36
[-] Response: 404 0.555 ms 
[-] Request: GET /__webpack_hmr at Mon Nov 11 2019 00:02:53 GMT+0530, User Agent: Mozilla/5.0 (Macintosh; Intel Mac OS X 10_14_5) AppleWebKit/537.36 (KHTML, like Gecko) Chrome/77.0.3865.90 Safari/537.36
[-] Response: 404 7.420 ms 
[-] Request: GET /__webpack_hmr at Mon Nov 11 2019 00:03:15 GMT+0530, User Agent: Mozilla/5.0 (Macintosh; Intel Mac OS X 10_14_5) AppleWebKit/537.36 (KHTML, like Gecko) Chrome/77.0.3865.90 Safari/537.36
[-] Response: 404 0.863 ms 
[-] Request: GET /__webpack_hmr at Mon Nov 11 2019 00:03:35 GMT+0530, User Agent: Mozilla/5.0 (Macintosh; Intel Mac OS X 10_14_5) AppleWebKit/537.36 (KHTML, like Gecko) Chrome/77.0.3865.90 Safari/537.36
[-] Response: 404 0.666 ms 
[-] Request: GET /__webpack_hmr at Mon Nov 11 2019 00:03:57 GMT+0530, User Agent: Mozilla/5.0 (Macintosh; Intel Mac OS X 10_14_5) AppleWebKit/537.36 (KHTML, like Gecko) Chrome/77.0.3865.90 Safari/537.36
[-] Response: 404 1.204 ms 
[-] Request: GET /__webpack_hmr at Mon Nov 11 2019 00:04:17 GMT+0530, User Agent: Mozilla/5.0 (Macintosh; Intel Mac OS X 10_14_5) AppleWebKit/537.36 (KHTML, like Gecko) Chrome/77.0.3865.90 Safari/537.36
[-] Response: 404 6.654 ms 
[-] Request: GET /__webpack_hmr at Mon Nov 11 2019 00:04:38 GMT+0530, User Agent: Mozilla/5.0 (Macintosh; Intel Mac OS X 10_14_5) AppleWebKit/537.36 (KHTML, like Gecko) Chrome/77.0.3865.90 Safari/537.36
[-] Response: 404 11.530 ms 
[-] Request: GET /report at Mon Nov 11 2019 00:04:39 GMT+0530, User Agent: Mozilla/5.0 (Macintosh; Intel Mac OS X 10_14_5) AppleWebKit/537.36 (KHTML, like Gecko) Chrome/77.0.3865.90 Safari/537.36
[undefined] Response Body:
<!doctype html>
<html class="no-js" lang="">

<head>
  <meta charset="utf-8">
  <title></title>
  <meta name="description" content="">
  <meta name="viewport" content="width=device-width, initial-scale=1, shrink-to-fit=no">

  <link rel="manifest" href="site.webmanifest">
  <link rel="apple-touch-icon" href="icon.png">
  <!-- Place favicon.ico in the root directory -->

  <link rel="stylesheet" href="https://stackpath.bootstrapcdn.com/bootstrap/4.3.1/css/bootstrap.min.css" integrity="sha384-ggOyR0iXCbMQv3Xipma34MD+dH/1fQ784/j6cY/iJTQUOhcWr7x9JvoRxT2MZw1T"
    crossorigin="anonymous">

  <!-- <link rel="stylesheet" href="css/normalize.css"> -->
  <!-- <link rel="stylesheet" href="css/main.css"> -->
  <link rel="stylesheet" href="css/styles.css">
  <script src="http://maps.google.com/maps/api/js?sensor=false" type="text/javascript"></script>
</head>

<body>
  <!--[if IE]>
    <p class="browserupgrade">You are using an <strong>outdated</strong> browser. Please <a href="https://browsehappy
[-] Response: 200 7.230 ms 
[-] Request: GET /api/v1/requirement at Mon Nov 11 2019 00:04:40 GMT+0530, User Agent: Mozilla/5.0 (Macintosh; Intel Mac OS X 10_14_5) AppleWebKit/537.36 (KHTML, like Gecko) Chrome/77.0.3865.90 Safari/537.36
[undefined] Response Body:
[
	{
		"active": true,
		"_id": "5dc855fd3233be880aac0ee2",
		"longitude": "78.3547013",
		"latitude": "17.505181999999998",
		"things": [],
		"date": "2019-11-10T18:25:01.271Z",
		"__v": 0
	}
]
[-] Response: 200 20.594 ms 
[-] Request: GET /__webpack_hmr at Mon Nov 11 2019 00:05:00 GMT+0530, User Agent: Mozilla/5.0 (Macintosh; Intel Mac OS X 10_14_5) AppleWebKit/537.36 (KHTML, like Gecko) Chrome/77.0.3865.90 Safari/537.36
[-] Response: 404 1.091 ms 
[-] Request: GET /__webpack_hmr at Mon Nov 11 2019 00:05:20 GMT+0530, User Agent: Mozilla/5.0 (Macintosh; Intel Mac OS X 10_14_5) AppleWebKit/537.36 (KHTML, like Gecko) Chrome/77.0.3865.90 Safari/537.36
[-] Response: 404 0.711 ms 
[-] Request: GET /__webpack_hmr at Mon Nov 11 2019 00:05:42 GMT+0530, User Agent: Mozilla/5.0 (Macintosh; Intel Mac OS X 10_14_5) AppleWebKit/537.36 (KHTML, like Gecko) Chrome/77.0.3865.90 Safari/537.36
[-] Response: 404 0.564 ms 
[-] Request: GET /__webpack_hmr at Mon Nov 11 2019 00:06:02 GMT+0530, User Agent: Mozilla/5.0 (Macintosh; Intel Mac OS X 10_14_5) AppleWebKit/537.36 (KHTML, like Gecko) Chrome/77.0.3865.90 Safari/537.36
[-] Response: 404 0.826 ms 
[-] Request: GET /__webpack_hmr at Mon Nov 11 2019 00:06:24 GMT+0530, User Agent: Mozilla/5.0 (Macintosh; Intel Mac OS X 10_14_5) AppleWebKit/537.36 (KHTML, like Gecko) Chrome/77.0.3865.90 Safari/537.36
[-] Response: 404 0.589 ms 
[-] Request: GET /__webpack_hmr at Mon Nov 11 2019 00:06:45 GMT+0530, User Agent: Mozilla/5.0 (Macintosh; Intel Mac OS X 10_14_5) AppleWebKit/537.36 (KHTML, like Gecko) Chrome/77.0.3865.90 Safari/537.36
[-] Response: 404 0.605 ms 
[-] Request: GET /__webpack_hmr at Mon Nov 11 2019 00:07:07 GMT+0530, User Agent: Mozilla/5.0 (Macintosh; Intel Mac OS X 10_14_5) AppleWebKit/537.36 (KHTML, like Gecko) Chrome/77.0.3865.90 Safari/537.36
[-] Response: 404 0.515 ms 
[-] Request: GET /__webpack_hmr at Mon Nov 11 2019 00:07:27 GMT+0530, User Agent: Mozilla/5.0 (Macintosh; Intel Mac OS X 10_14_5) AppleWebKit/537.36 (KHTML, like Gecko) Chrome/77.0.3865.90 Safari/537.36
[-] Response: 404 0.620 ms 
[-] Request: GET /__webpack_hmr at Mon Nov 11 2019 00:07:49 GMT+0530, User Agent: Mozilla/5.0 (Macintosh; Intel Mac OS X 10_14_5) AppleWebKit/537.36 (KHTML, like Gecko) Chrome/77.0.3865.90 Safari/537.36
[-] Response: 404 0.406 ms 
[-] Request: GET /__webpack_hmr at Mon Nov 11 2019 00:08:10 GMT+0530, User Agent: Mozilla/5.0 (Macintosh; Intel Mac OS X 10_14_5) AppleWebKit/537.36 (KHTML, like Gecko) Chrome/77.0.3865.90 Safari/537.36
[-] Response: 404 0.525 ms 
[-] Request: GET /__webpack_hmr at Mon Nov 11 2019 00:08:32 GMT+0530, User Agent: Mozilla/5.0 (Macintosh; Intel Mac OS X 10_14_5) AppleWebKit/537.36 (KHTML, like Gecko) Chrome/77.0.3865.90 Safari/537.36
[-] Response: 404 0.376 ms 
[-] Request: GET /__webpack_hmr at Mon Nov 11 2019 00:08:53 GMT+0530, User Agent: Mozilla/5.0 (Macintosh; Intel Mac OS X 10_14_5) AppleWebKit/537.36 (KHTML, like Gecko) Chrome/77.0.3865.90 Safari/537.36
[-] Response: 404 0.361 ms 
[-] Request: GET /report at Mon Nov 11 2019 00:08:56 GMT+0530, User Agent: Mozilla/5.0 (Macintosh; Intel Mac OS X 10_14_5) AppleWebKit/537.36 (KHTML, like Gecko) Chrome/77.0.3865.90 Safari/537.36
[undefined] Response Body:
<!doctype html>
<html class="no-js" lang="">

<head>
  <meta charset="utf-8">
  <title></title>
  <meta name="description" content="">
  <meta name="viewport" content="width=device-width, initial-scale=1, shrink-to-fit=no">

  <link rel="manifest" href="site.webmanifest">
  <link rel="apple-touch-icon" href="icon.png">
  <!-- Place favicon.ico in the root directory -->

  <link rel="stylesheet" href="https://stackpath.bootstrapcdn.com/bootstrap/4.3.1/css/bootstrap.min.css" integrity="sha384-ggOyR0iXCbMQv3Xipma34MD+dH/1fQ784/j6cY/iJTQUOhcWr7x9JvoRxT2MZw1T"
    crossorigin="anonymous">

  <!-- <link rel="stylesheet" href="css/normalize.css"> -->
  <!-- <link rel="stylesheet" href="css/main.css"> -->
  <link rel="stylesheet" href="css/styles.css">
  <script src="https://maps.googleapis.com/maps/api/js?key=&callback=initMap" async defer></script>
</head>

<body>
  <!--[if IE]>
    <p class="browserupgrade">You are using an <strong>outdated</strong> browser. Please <a href="https://browseha
[-] Response: 200 0.683 ms 
[-] Request: GET /api/v1/requirement at Mon Nov 11 2019 00:08:58 GMT+0530, User Agent: Mozilla/5.0 (Macintosh; Intel Mac OS X 10_14_5) AppleWebKit/537.36 (KHTML, like Gecko) Chrome/77.0.3865.90 Safari/537.36
[undefined] Response Body:
[
	{
		"active": true,
		"_id": "5dc855fd3233be880aac0ee2",
		"longitude": "78.3547013",
		"latitude": "17.505181999999998",
		"things": [],
		"date": "2019-11-10T18:25:01.271Z",
		"__v": 0
	}
]
[-] Response: 200 8.661 ms 
[-] Request: GET /__webpack_hmr at Mon Nov 11 2019 00:09:14 GMT+0530, User Agent: Mozilla/5.0 (Macintosh; Intel Mac OS X 10_14_5) AppleWebKit/537.36 (KHTML, like Gecko) Chrome/77.0.3865.90 Safari/537.36
[-] Response: 404 0.457 ms 
[-] Request: GET /__webpack_hmr at Mon Nov 11 2019 00:09:36 GMT+0530, User Agent: Mozilla/5.0 (Macintosh; Intel Mac OS X 10_14_5) AppleWebKit/537.36 (KHTML, like Gecko) Chrome/77.0.3865.90 Safari/537.36
[-] Response: 404 0.353 ms 
[-] Request: GET /__webpack_hmr at Mon Nov 11 2019 00:09:56 GMT+0530, User Agent: Mozilla/5.0 (Macintosh; Intel Mac OS X 10_14_5) AppleWebKit/537.36 (KHTML, like Gecko) Chrome/77.0.3865.90 Safari/537.36
[-] Response: 404 0.585 ms 
[-] Request: GET /report at Mon Nov 11 2019 00:10:14 GMT+0530, User Agent: Mozilla/5.0 (Macintosh; Intel Mac OS X 10_14_5) AppleWebKit/537.36 (KHTML, like Gecko) Chrome/77.0.3865.90 Safari/537.36
[undefined] Response Body:
<!doctype html>
<html class="no-js" lang="">

<head>
  <meta charset="utf-8">
  <title></title>
  <meta name="description" content="">
  <meta name="viewport" content="width=device-width, initial-scale=1, shrink-to-fit=no">

  <link rel="manifest" href="site.webmanifest">
  <link rel="apple-touch-icon" href="icon.png">
  <!-- Place favicon.ico in the root directory -->

  <link rel="stylesheet" href="https://stackpath.bootstrapcdn.com/bootstrap/4.3.1/css/bootstrap.min.css" integrity="sha384-ggOyR0iXCbMQv3Xipma34MD+dH/1fQ784/j6cY/iJTQUOhcWr7x9JvoRxT2MZw1T"
    crossorigin="anonymous">

  <!-- <link rel="stylesheet" href="css/normalize.css"> -->
  <!-- <link rel="stylesheet" href="css/main.css"> -->
  <link rel="stylesheet" href="css/styles.css">
  <script src="http://maps.google.com/maps/api/js?sensor=false" type="text/javascript"></script>
</head>

<body>
  <!--[if IE]>
    <p class="browserupgrade">You are using an <strong>outdated</strong> browser. Please <a href="https://browsehappy
[-] Response: 200 2.234 ms 
[-] Request: GET /api/v1/requirement at Mon Nov 11 2019 00:10:15 GMT+0530, User Agent: Mozilla/5.0 (Macintosh; Intel Mac OS X 10_14_5) AppleWebKit/537.36 (KHTML, like Gecko) Chrome/77.0.3865.90 Safari/537.36
[undefined] Response Body:
[
	{
		"active": true,
		"_id": "5dc855fd3233be880aac0ee2",
		"longitude": "78.3547013",
		"latitude": "17.505181999999998",
		"things": [],
		"date": "2019-11-10T18:25:01.271Z",
		"__v": 0
	}
]
[-] Response: 200 4.662 ms 
[-] Request: GET /__webpack_hmr at Mon Nov 11 2019 00:10:18 GMT+0530, User Agent: Mozilla/5.0 (Macintosh; Intel Mac OS X 10_14_5) AppleWebKit/537.36 (KHTML, like Gecko) Chrome/77.0.3865.90 Safari/537.36
[-] Response: 404 0.553 ms 
[-] Request: GET /__webpack_hmr at Mon Nov 11 2019 00:10:41 GMT+0530, User Agent: Mozilla/5.0 (Macintosh; Intel Mac OS X 10_14_5) AppleWebKit/537.36 (KHTML, like Gecko) Chrome/77.0.3865.90 Safari/537.36
[-] Response: 404 0.576 ms 
[-] Request: GET /__webpack_hmr at Mon Nov 11 2019 00:11:01 GMT+0530, User Agent: Mozilla/5.0 (Macintosh; Intel Mac OS X 10_14_5) AppleWebKit/537.36 (KHTML, like Gecko) Chrome/77.0.3865.90 Safari/537.36
[-] Response: 404 0.390 ms 
[-] Request: GET /__webpack_hmr at Mon Nov 11 2019 00:11:22 GMT+0530, User Agent: Mozilla/5.0 (Macintosh; Intel Mac OS X 10_14_5) AppleWebKit/537.36 (KHTML, like Gecko) Chrome/77.0.3865.90 Safari/537.36
[-] Response: 404 0.432 ms 
[-] Request: GET /__webpack_hmr at Mon Nov 11 2019 00:11:44 GMT+0530, User Agent: Mozilla/5.0 (Macintosh; Intel Mac OS X 10_14_5) AppleWebKit/537.36 (KHTML, like Gecko) Chrome/77.0.3865.90 Safari/537.36
[-] Response: 404 0.385 ms 
[-] Request: GET /__webpack_hmr at Mon Nov 11 2019 00:12:04 GMT+0530, User Agent: Mozilla/5.0 (Macintosh; Intel Mac OS X 10_14_5) AppleWebKit/537.36 (KHTML, like Gecko) Chrome/77.0.3865.90 Safari/537.36
[-] Response: 404 0.483 ms 
[-] Request: GET /__webpack_hmr at Mon Nov 11 2019 00:12:26 GMT+0530, User Agent: Mozilla/5.0 (Macintosh; Intel Mac OS X 10_14_5) AppleWebKit/537.36 (KHTML, like Gecko) Chrome/77.0.3865.90 Safari/537.36
[-] Response: 404 0.531 ms 
[-] Request: GET /__webpack_hmr at Mon Nov 11 2019 00:12:46 GMT+0530, User Agent: Mozilla/5.0 (Macintosh; Intel Mac OS X 10_14_5) AppleWebKit/537.36 (KHTML, like Gecko) Chrome/77.0.3865.90 Safari/537.36
[-] Response: 404 0.431 ms 
[-] Request: GET /__webpack_hmr at Mon Nov 11 2019 00:13:07 GMT+0530, User Agent: Mozilla/5.0 (Macintosh; Intel Mac OS X 10_14_5) AppleWebKit/537.36 (KHTML, like Gecko) Chrome/77.0.3865.90 Safari/537.36
[-] Response: 404 0.656 ms 
[-] Request: GET /__webpack_hmr at Mon Nov 11 2019 00:13:28 GMT+0530, User Agent: Mozilla/5.0 (Macintosh; Intel Mac OS X 10_14_5) AppleWebKit/537.36 (KHTML, like Gecko) Chrome/77.0.3865.90 Safari/537.36
[-] Response: 404 2.487 ms 
[-] Request: GET /report at Mon Nov 11 2019 00:13:30 GMT+0530, User Agent: Mozilla/5.0 (Macintosh; Intel Mac OS X 10_14_5) AppleWebKit/537.36 (KHTML, like Gecko) Chrome/77.0.3865.90 Safari/537.36
[undefined] Response Body:
<!doctype html>
<html class="no-js" lang="">

<head>
  <meta charset="utf-8">
  <title></title>
  <meta name="description" content="">
  <meta name="viewport" content="width=device-width, initial-scale=1, shrink-to-fit=no">

  <link rel="manifest" href="site.webmanifest">
  <link rel="apple-touch-icon" href="icon.png">
  <!-- Place favicon.ico in the root directory -->

  <link rel="stylesheet" href="https://stackpath.bootstrapcdn.com/bootstrap/4.3.1/css/bootstrap.min.css" integrity="sha384-ggOyR0iXCbMQv3Xipma34MD+dH/1fQ784/j6cY/iJTQUOhcWr7x9JvoRxT2MZw1T"
    crossorigin="anonymous">

  <!-- <link rel="stylesheet" href="css/normalize.css"> -->
  <!-- <link rel="stylesheet" href="css/main.css"> -->
  <link rel="stylesheet" href="css/styles.css">
  <script src="https://maps.googleapis.com/maps/api/js?key=AIzaSyCaBK2AAr8eXlUkrUTMbe3TdOraSzoWp3E&callback=initMap"
    async defer></script>
</head>

<body>
  <!--[if IE]>
    <p class="browserupgrade">You are using an <strong>outdated</strong
[-] Response: 200 2.019 ms 
[-] Request: GET /api/v1/requirement at Mon Nov 11 2019 00:13:31 GMT+0530, User Agent: Mozilla/5.0 (Macintosh; Intel Mac OS X 10_14_5) AppleWebKit/537.36 (KHTML, like Gecko) Chrome/77.0.3865.90 Safari/537.36
[undefined] Response Body:
[
	{
		"active": true,
		"_id": "5dc855fd3233be880aac0ee2",
		"longitude": "78.3547013",
		"latitude": "17.505181999999998",
		"things": [],
		"date": "2019-11-10T18:25:01.271Z",
		"__v": 0
	}
]
[-] Response: 200 1.834 ms 
[-] Request: GET /__webpack_hmr at Mon Nov 11 2019 00:13:49 GMT+0530, User Agent: Mozilla/5.0 (Macintosh; Intel Mac OS X 10_14_5) AppleWebKit/537.36 (KHTML, like Gecko) Chrome/77.0.3865.90 Safari/537.36
[-] Response: 404 0.455 ms 
[-] Request: GET /__webpack_hmr at Mon Nov 11 2019 00:14:10 GMT+0530, User Agent: Mozilla/5.0 (Macintosh; Intel Mac OS X 10_14_5) AppleWebKit/537.36 (KHTML, like Gecko) Chrome/77.0.3865.90 Safari/537.36
[-] Response: 404 0.821 ms 
[-] Request: GET /report at Mon Nov 11 2019 00:14:25 GMT+0530, User Agent: Mozilla/5.0 (Macintosh; Intel Mac OS X 10_14_5) AppleWebKit/537.36 (KHTML, like Gecko) Chrome/77.0.3865.90 Safari/537.36
[undefined] Response Body:
<!doctype html>
<html class="no-js" lang="">

<head>
  <meta charset="utf-8">
  <title></title>
  <meta name="description" content="">
  <meta name="viewport" content="width=device-width, initial-scale=1, shrink-to-fit=no">

  <link rel="manifest" href="site.webmanifest">
  <link rel="apple-touch-icon" href="icon.png">
  <!-- Place favicon.ico in the root directory -->

  <link rel="stylesheet" href="https://stackpath.bootstrapcdn.com/bootstrap/4.3.1/css/bootstrap.min.css" integrity="sha384-ggOyR0iXCbMQv3Xipma34MD+dH/1fQ784/j6cY/iJTQUOhcWr7x9JvoRxT2MZw1T"
    crossorigin="anonymous">

  <!-- <link rel="stylesheet" href="css/normalize.css"> -->
  <!-- <link rel="stylesheet" href="css/main.css"> -->
  <link rel="stylesheet" href="css/styles.css">
  <script src="https://maps.googleapis.com/maps/api/js?key=AIzaSyCaBK2AAr8eXlUkrUTMbe3TdOraSzoWp3E&callback=initMap"
    async defer></script>
</head>

<body>
  <!--[if IE]>
    <p class="browserupgrade">You are using an <strong>outdated</strong
[-] Response: 200 12.581 ms 
[-] Request: GET /__webpack_hmr at Mon Nov 11 2019 00:14:31 GMT+0530, User Agent: Mozilla/5.0 (Macintosh; Intel Mac OS X 10_14_5) AppleWebKit/537.36 (KHTML, like Gecko) Chrome/77.0.3865.90 Safari/537.36
[-] Response: 404 2.270 ms 
[-] Request: GET /__webpack_hmr at Mon Nov 11 2019 00:14:53 GMT+0530, User Agent: Mozilla/5.0 (Macintosh; Intel Mac OS X 10_14_5) AppleWebKit/537.36 (KHTML, like Gecko) Chrome/77.0.3865.90 Safari/537.36
[-] Response: 404 0.879 ms 
[-] Request: GET /report at Mon Nov 11 2019 00:15:12 GMT+0530, User Agent: Mozilla/5.0 (Macintosh; Intel Mac OS X 10_14_5) AppleWebKit/537.36 (KHTML, like Gecko) Chrome/77.0.3865.90 Safari/537.36
[undefined] Response Body:
<!doctype html>
<html class="no-js" lang="">

<head>
  <meta charset="utf-8">
  <title></title>
  <meta name="description" content="">
  <meta name="viewport" content="width=device-width, initial-scale=1, shrink-to-fit=no">

  <link rel="manifest" href="site.webmanifest">
  <link rel="apple-touch-icon" href="icon.png">
  <!-- Place favicon.ico in the root directory -->

  <link rel="stylesheet" href="https://stackpath.bootstrapcdn.com/bootstrap/4.3.1/css/bootstrap.min.css" integrity="sha384-ggOyR0iXCbMQv3Xipma34MD+dH/1fQ784/j6cY/iJTQUOhcWr7x9JvoRxT2MZw1T"
    crossorigin="anonymous">

  <!-- <link rel="stylesheet" href="css/normalize.css"> -->
  <!-- <link rel="stylesheet" href="css/main.css"> -->
  <link rel="stylesheet" href="css/styles.css">
</head>

<body>
  <!--[if IE]>
    <p class="browserupgrade">You are using an <strong>outdated</strong> browser. Please <a href="https://browsehappy.com/">upgrade your browser</a> to improve your experience and security.</p>
  <![endif]-->

  <!
[-] Response: 200 1.540 ms 
[-] Request: GET /__webpack_hmr at Mon Nov 11 2019 00:15:13 GMT+0530, User Agent: Mozilla/5.0 (Macintosh; Intel Mac OS X 10_14_5) AppleWebKit/537.36 (KHTML, like Gecko) Chrome/77.0.3865.90 Safari/537.36
[-] Response: 404 0.949 ms 
[-] Request: GET /report at Mon Nov 11 2019 00:15:25 GMT+0530, User Agent: Mozilla/5.0 (Macintosh; Intel Mac OS X 10_14_5) AppleWebKit/537.36 (KHTML, like Gecko) Chrome/77.0.3865.90 Safari/537.36
[undefined] Response Body:
<!doctype html>
<html class="no-js" lang="">

<head>
  <meta charset="utf-8">
  <title></title>
  <meta name="description" content="">
  <meta name="viewport" content="width=device-width, initial-scale=1, shrink-to-fit=no">

  <link rel="manifest" href="site.webmanifest">
  <link rel="apple-touch-icon" href="icon.png">
  <!-- Place favicon.ico in the root directory -->

  <link rel="stylesheet" href="https://stackpath.bootstrapcdn.com/bootstrap/4.3.1/css/bootstrap.min.css" integrity="sha384-ggOyR0iXCbMQv3Xipma34MD+dH/1fQ784/j6cY/iJTQUOhcWr7x9JvoRxT2MZw1T"
    crossorigin="anonymous">

  <!-- <link rel="stylesheet" href="css/normalize.css"> -->
  <!-- <link rel="stylesheet" href="css/main.css"> -->
  <link rel="stylesheet" href="css/styles.css">
</head>

<body>
  <!--[if IE]>
    <p class="browserupgrade">You are using an <strong>outdated</strong> browser. Please <a href="https://browsehappy.com/">upgrade your browser</a> to improve your experience and security.</p>
  <![endif]-->

  <!
[-] Response: 200 1.351 ms 
[-] Request: GET /__webpack_hmr at Mon Nov 11 2019 00:15:34 GMT+0530, User Agent: Mozilla/5.0 (Macintosh; Intel Mac OS X 10_14_5) AppleWebKit/537.36 (KHTML, like Gecko) Chrome/77.0.3865.90 Safari/537.36
[-] Response: 404 0.763 ms 
[-] Request: GET /__webpack_hmr at Mon Nov 11 2019 00:15:56 GMT+0530, User Agent: Mozilla/5.0 (Macintosh; Intel Mac OS X 10_14_5) AppleWebKit/537.36 (KHTML, like Gecko) Chrome/77.0.3865.90 Safari/537.36
[-] Response: 404 0.510 ms 
[-] Request: GET /__webpack_hmr at Mon Nov 11 2019 00:16:18 GMT+0530, User Agent: Mozilla/5.0 (Macintosh; Intel Mac OS X 10_14_5) AppleWebKit/537.36 (KHTML, like Gecko) Chrome/77.0.3865.90 Safari/537.36
[-] Response: 404 0.574 ms 
[-] Request: GET /report at Mon Nov 11 2019 00:16:37 GMT+0530, User Agent: Mozilla/5.0 (Macintosh; Intel Mac OS X 10_14_5) AppleWebKit/537.36 (KHTML, like Gecko) Chrome/77.0.3865.90 Safari/537.36
[undefined] Response Body:
<!doctype html>
<html class="no-js" lang="">

<head>
  <meta charset="utf-8">
  <title></title>
  <meta name="description" content="">
  <meta name="viewport" content="width=device-width, initial-scale=1, shrink-to-fit=no">

  <link rel="manifest" href="site.webmanifest">
  <link rel="apple-touch-icon" href="icon.png">
  <!-- Place favicon.ico in the root directory -->

  <link rel="stylesheet" href="https://stackpath.bootstrapcdn.com/bootstrap/4.3.1/css/bootstrap.min.css" integrity="sha384-ggOyR0iXCbMQv3Xipma34MD+dH/1fQ784/j6cY/iJTQUOhcWr7x9JvoRxT2MZw1T"
    crossorigin="anonymous">

  <!-- <link rel="stylesheet" href="css/normalize.css"> -->
  <!-- <link rel="stylesheet" href="css/main.css"> -->
  <link rel="stylesheet" href="css/styles.css">
  <script src="http://maps.google.com/maps/api/js?sensor=false" type="text/javascript"></script>

</head>

<body>
  <!--[if IE]>
    <p class="browserupgrade">You are using an <strong>outdated</strong> browser. Please <a href="https://browsehapp
[-] Response: 200 5.308 ms 
[-] Request: GET /__webpack_hmr at Mon Nov 11 2019 00:16:38 GMT+0530, User Agent: Mozilla/5.0 (Macintosh; Intel Mac OS X 10_14_5) AppleWebKit/537.36 (KHTML, like Gecko) Chrome/77.0.3865.90 Safari/537.36
[-] Response: 404 0.456 ms 
[-] Request: GET /__webpack_hmr at Mon Nov 11 2019 00:17:00 GMT+0530, User Agent: Mozilla/5.0 (Macintosh; Intel Mac OS X 10_14_5) AppleWebKit/537.36 (KHTML, like Gecko) Chrome/77.0.3865.90 Safari/537.36
[-] Response: 404 0.352 ms 
[-] Request: GET /__webpack_hmr at Mon Nov 11 2019 00:17:21 GMT+0530, User Agent: Mozilla/5.0 (Macintosh; Intel Mac OS X 10_14_5) AppleWebKit/537.36 (KHTML, like Gecko) Chrome/77.0.3865.90 Safari/537.36
[-] Response: 404 0.392 ms 
[-] Request: GET /__webpack_hmr at Mon Nov 11 2019 00:17:41 GMT+0530, User Agent: Mozilla/5.0 (Macintosh; Intel Mac OS X 10_14_5) AppleWebKit/537.36 (KHTML, like Gecko) Chrome/77.0.3865.90 Safari/537.36
[-] Response: 404 0.512 ms 
[-] Request: GET /__webpack_hmr at Mon Nov 11 2019 00:18:02 GMT+0530, User Agent: Mozilla/5.0 (Macintosh; Intel Mac OS X 10_14_5) AppleWebKit/537.36 (KHTML, like Gecko) Chrome/77.0.3865.90 Safari/537.36
[-] Response: 404 0.669 ms 
[-] Request: GET /report at Mon Nov 11 2019 00:18:09 GMT+0530, User Agent: Mozilla/5.0 (Macintosh; Intel Mac OS X 10_14_5) AppleWebKit/537.36 (KHTML, like Gecko) Chrome/77.0.3865.90 Safari/537.36
[undefined] Response Body:
<!doctype html>
<html class="no-js" lang="">

<head>
  <meta charset="utf-8">
  <title></title>
  <meta name="description" content="">
  <meta name="viewport" content="width=device-width, initial-scale=1, shrink-to-fit=no">

  <link rel="manifest" href="site.webmanifest">
  <link rel="apple-touch-icon" href="icon.png">
  <!-- Place favicon.ico in the root directory -->

  <link rel="stylesheet" href="https://stackpath.bootstrapcdn.com/bootstrap/4.3.1/css/bootstrap.min.css" integrity="sha384-ggOyR0iXCbMQv3Xipma34MD+dH/1fQ784/j6cY/iJTQUOhcWr7x9JvoRxT2MZw1T"
    crossorigin="anonymous">

  <!-- <link rel="stylesheet" href="css/normalize.css"> -->
  <!-- <link rel="stylesheet" href="css/main.css"> -->
  <link rel="stylesheet" href="css/styles.css">
  <script src="http://maps.google.com/maps/api/js?sensor=false" type="text/javascript"></script>

</head>

<body>
  <!--[if IE]>
    <p class="browserupgrade">You are using an <strong>outdated</strong> browser. Please <a href="https://browsehapp
[-] Response: 200 6.689 ms 
[-] Request: GET /__webpack_hmr at Mon Nov 11 2019 00:18:23 GMT+0530, User Agent: Mozilla/5.0 (Macintosh; Intel Mac OS X 10_14_5) AppleWebKit/537.36 (KHTML, like Gecko) Chrome/77.0.3865.90 Safari/537.36
[-] Response: 404 1.794 ms 
[-] Request: GET /__webpack_hmr at Mon Nov 11 2019 00:18:44 GMT+0530, User Agent: Mozilla/5.0 (Macintosh; Intel Mac OS X 10_14_5) AppleWebKit/537.36 (KHTML, like Gecko) Chrome/77.0.3865.90 Safari/537.36
[-] Response: 404 7.048 ms 
[-] Request: GET /report at Mon Nov 11 2019 00:19:03 GMT+0530, User Agent: Mozilla/5.0 (Macintosh; Intel Mac OS X 10_14_5) AppleWebKit/537.36 (KHTML, like Gecko) Chrome/77.0.3865.90 Safari/537.36
[undefined] Response Body:
<!doctype html>
<html class="no-js" lang="">

<head>
  <meta charset="utf-8">
  <title></title>
  <meta name="description" content="">
  <meta name="viewport" content="width=device-width, initial-scale=1, shrink-to-fit=no">

  <link rel="manifest" href="site.webmanifest">
  <link rel="apple-touch-icon" href="icon.png">
  <!-- Place favicon.ico in the root directory -->

  <link rel="stylesheet" href="https://stackpath.bootstrapcdn.com/bootstrap/4.3.1/css/bootstrap.min.css" integrity="sha384-ggOyR0iXCbMQv3Xipma34MD+dH/1fQ784/j6cY/iJTQUOhcWr7x9JvoRxT2MZw1T"
    crossorigin="anonymous">

  <!-- <link rel="stylesheet" href="css/normalize.css"> -->
  <!-- <link rel="stylesheet" href="css/main.css"> -->
  <link rel="stylesheet" href="css/styles.css">
  <script src="http://maps.google.com/maps/api/js?sensor=false" type="text/javascript"></script>

</head>

<body>
  <!--[if IE]>
    <p class="browserupgrade">You are using an <strong>outdated</strong> browser. Please <a href="https://browsehapp
[-] Response: 200 12.475 ms 
[-] Request: GET /api/v1/requirement at Mon Nov 11 2019 00:19:03 GMT+0530, User Agent: Mozilla/5.0 (Macintosh; Intel Mac OS X 10_14_5) AppleWebKit/537.36 (KHTML, like Gecko) Chrome/77.0.3865.90 Safari/537.36
[undefined] Response Body:
[
	{
		"active": true,
		"_id": "5dc855fd3233be880aac0ee2",
		"longitude": "78.3547013",
		"latitude": "17.505181999999998",
		"things": [],
		"date": "2019-11-10T18:25:01.271Z",
		"__v": 0
	}
]
[-] Response: 200 16.936 ms 
[-] Request: GET /__webpack_hmr at Mon Nov 11 2019 00:19:05 GMT+0530, User Agent: Mozilla/5.0 (Macintosh; Intel Mac OS X 10_14_5) AppleWebKit/537.36 (KHTML, like Gecko) Chrome/77.0.3865.90 Safari/537.36
[-] Response: 404 2.350 ms 
[-] Request: GET /__webpack_hmr at Mon Nov 11 2019 00:19:26 GMT+0530, User Agent: Mozilla/5.0 (Macintosh; Intel Mac OS X 10_14_5) AppleWebKit/537.36 (KHTML, like Gecko) Chrome/77.0.3865.90 Safari/537.36
[-] Response: 404 1.527 ms 
[-] Request: GET /__webpack_hmr at Mon Nov 11 2019 00:19:48 GMT+0530, User Agent: Mozilla/5.0 (Macintosh; Intel Mac OS X 10_14_5) AppleWebKit/537.36 (KHTML, like Gecko) Chrome/77.0.3865.90 Safari/537.36
[-] Response: 404 0.517 ms 
[-] Request: GET /__webpack_hmr at Mon Nov 11 2019 00:20:08 GMT+0530, User Agent: Mozilla/5.0 (Macintosh; Intel Mac OS X 10_14_5) AppleWebKit/537.36 (KHTML, like Gecko) Chrome/77.0.3865.90 Safari/537.36
[-] Response: 404 15.014 ms 
[-] Request: GET /__webpack_hmr at Mon Nov 11 2019 00:20:30 GMT+0530, User Agent: Mozilla/5.0 (Macintosh; Intel Mac OS X 10_14_5) AppleWebKit/537.36 (KHTML, like Gecko) Chrome/77.0.3865.90 Safari/537.36
[-] Response: 404 0.972 ms 
[-] Request: GET /report at Mon Nov 11 2019 00:20:44 GMT+0530, User Agent: Mozilla/5.0 (Macintosh; Intel Mac OS X 10_14_5) AppleWebKit/537.36 (KHTML, like Gecko) Chrome/77.0.3865.90 Safari/537.36
[undefined] Response Body:
<!doctype html>
<html class="no-js" lang="">

<head>
  <meta charset="utf-8">
  <title></title>
  <meta name="description" content="">
  <meta name="viewport" content="width=device-width, initial-scale=1, shrink-to-fit=no">

  <link rel="manifest" href="site.webmanifest">
  <link rel="apple-touch-icon" href="icon.png">
  <!-- Place favicon.ico in the root directory -->

  <link rel="stylesheet" href="https://stackpath.bootstrapcdn.com/bootstrap/4.3.1/css/bootstrap.min.css" integrity="sha384-ggOyR0iXCbMQv3Xipma34MD+dH/1fQ784/j6cY/iJTQUOhcWr7x9JvoRxT2MZw1T"
    crossorigin="anonymous">

  <!-- <link rel="stylesheet" href="css/normalize.css"> -->
  <!-- <link rel="stylesheet" href="css/main.css"> -->
  <link rel="stylesheet" href="css/styles.css">
  <script src="http://maps.google.com/maps/api/js?sensor=false" type="text/javascript"></script>

</head>

<body>
  <!--[if IE]>
    <p class="browserupgrade">You are using an <strong>outdated</strong> browser. Please <a href="https://browsehapp
[-] Response: 200 6.308 ms 
[-] Request: GET /api/v1/requirement at Mon Nov 11 2019 00:20:44 GMT+0530, User Agent: Mozilla/5.0 (Macintosh; Intel Mac OS X 10_14_5) AppleWebKit/537.36 (KHTML, like Gecko) Chrome/77.0.3865.90 Safari/537.36
[undefined] Response Body:
[
	{
		"active": true,
		"_id": "5dc855fd3233be880aac0ee2",
		"longitude": "78.3547013",
		"latitude": "17.505181999999998",
		"things": [],
		"date": "2019-11-10T18:25:01.271Z",
		"__v": 0
	}
]
[-] Response: 200 22.944 ms 
[-] Request: GET /__webpack_hmr at Mon Nov 11 2019 00:20:50 GMT+0530, User Agent: Mozilla/5.0 (Macintosh; Intel Mac OS X 10_14_5) AppleWebKit/537.36 (KHTML, like Gecko) Chrome/77.0.3865.90 Safari/537.36
[-] Response: 404 1.548 ms 
[-] Request: GET /__webpack_hmr at Mon Nov 11 2019 00:21:12 GMT+0530, User Agent: Mozilla/5.0 (Macintosh; Intel Mac OS X 10_14_5) AppleWebKit/537.36 (KHTML, like Gecko) Chrome/77.0.3865.90 Safari/537.36
[-] Response: 404 0.893 ms 
[-] Request: GET /__webpack_hmr at Mon Nov 11 2019 00:21:32 GMT+0530, User Agent: Mozilla/5.0 (Macintosh; Intel Mac OS X 10_14_5) AppleWebKit/537.36 (KHTML, like Gecko) Chrome/77.0.3865.90 Safari/537.36
[-] Response: 404 0.673 ms 
[-] Request: GET /__webpack_hmr at Mon Nov 11 2019 00:21:53 GMT+0530, User Agent: Mozilla/5.0 (Macintosh; Intel Mac OS X 10_14_5) AppleWebKit/537.36 (KHTML, like Gecko) Chrome/77.0.3865.90 Safari/537.36
[-] Response: 404 6.424 ms 
[-] Request: GET /report at Mon Nov 11 2019 00:21:56 GMT+0530, User Agent: Mozilla/5.0 (Macintosh; Intel Mac OS X 10_14_5) AppleWebKit/537.36 (KHTML, like Gecko) Chrome/77.0.3865.90 Safari/537.36
[undefined] Response Body:
<!doctype html>
<html class="no-js" lang="">

<head>
  <meta charset="utf-8">
  <title></title>
  <meta name="description" content="">
  <meta name="viewport" content="width=device-width, initial-scale=1, shrink-to-fit=no">

  <link rel="manifest" href="site.webmanifest">
  <link rel="apple-touch-icon" href="icon.png">
  <!-- Place favicon.ico in the root directory -->

  <link rel="stylesheet" href="https://stackpath.bootstrapcdn.com/bootstrap/4.3.1/css/bootstrap.min.css" integrity="sha384-ggOyR0iXCbMQv3Xipma34MD+dH/1fQ784/j6cY/iJTQUOhcWr7x9JvoRxT2MZw1T"
    crossorigin="anonymous">

  <!-- <link rel="stylesheet" href="css/normalize.css"> -->
  <!-- <link rel="stylesheet" href="css/main.css"> -->
  <link rel="stylesheet" href="css/styles.css">
  <script src="http://maps.google.com/maps/api/js?sensor=false" type="text/javascript"></script>

</head>

<body>
  <!--[if IE]>
    <p class="browserupgrade">You are using an <strong>outdated</strong> browser. Please <a href="https://browsehapp
[-] Response: 200 11.296 ms 
[-] Request: GET /api/v1/requirement at Mon Nov 11 2019 00:21:58 GMT+0530, User Agent: Mozilla/5.0 (Macintosh; Intel Mac OS X 10_14_5) AppleWebKit/537.36 (KHTML, like Gecko) Chrome/77.0.3865.90 Safari/537.36
[undefined] Response Body:
[
	{
		"active": true,
		"_id": "5dc855fd3233be880aac0ee2",
		"longitude": "78.3547013",
		"latitude": "17.505181999999998",
		"things": [],
		"date": "2019-11-10T18:25:01.271Z",
		"__v": 0
	}
]
[-] Response: 200 18.705 ms 
[-] Request: GET /__webpack_hmr at Mon Nov 11 2019 00:22:14 GMT+0530, User Agent: Mozilla/5.0 (Macintosh; Intel Mac OS X 10_14_5) AppleWebKit/537.36 (KHTML, like Gecko) Chrome/77.0.3865.90 Safari/537.36
[-] Response: 404 1.638 ms 
[-] Request: GET /__webpack_hmr at Mon Nov 11 2019 00:22:35 GMT+0530, User Agent: Mozilla/5.0 (Macintosh; Intel Mac OS X 10_14_5) AppleWebKit/537.36 (KHTML, like Gecko) Chrome/77.0.3865.90 Safari/537.36
[-] Response: 404 0.535 ms 
[-] Request: GET /__webpack_hmr at Mon Nov 11 2019 00:22:57 GMT+0530, User Agent: Mozilla/5.0 (Macintosh; Intel Mac OS X 10_14_5) AppleWebKit/537.36 (KHTML, like Gecko) Chrome/77.0.3865.90 Safari/537.36
[-] Response: 404 5.681 ms 
[-] Request: GET /__webpack_hmr at Mon Nov 11 2019 00:23:19 GMT+0530, User Agent: Mozilla/5.0 (Macintosh; Intel Mac OS X 10_14_5) AppleWebKit/537.36 (KHTML, like Gecko) Chrome/77.0.3865.90 Safari/537.36
[-] Response: 404 1.745 ms 
[-] Request: GET /__webpack_hmr at Mon Nov 11 2019 00:23:40 GMT+0530, User Agent: Mozilla/5.0 (Macintosh; Intel Mac OS X 10_14_5) AppleWebKit/537.36 (KHTML, like Gecko) Chrome/77.0.3865.90 Safari/537.36
[-] Response: 404 0.422 ms 
[-] Request: GET /__webpack_hmr at Mon Nov 11 2019 00:24:01 GMT+0530, User Agent: Mozilla/5.0 (Macintosh; Intel Mac OS X 10_14_5) AppleWebKit/537.36 (KHTML, like Gecko) Chrome/77.0.3865.90 Safari/537.36
[-] Response: 404 0.368 ms 
[-] Request: GET /__webpack_hmr at Mon Nov 11 2019 00:24:22 GMT+0530, User Agent: Mozilla/5.0 (Macintosh; Intel Mac OS X 10_14_5) AppleWebKit/537.36 (KHTML, like Gecko) Chrome/77.0.3865.90 Safari/537.36
[-] Response: 404 6.006 ms 
[-] Request: GET /__webpack_hmr at Mon Nov 11 2019 00:24:44 GMT+0530, User Agent: Mozilla/5.0 (Macintosh; Intel Mac OS X 10_14_5) AppleWebKit/537.36 (KHTML, like Gecko) Chrome/77.0.3865.90 Safari/537.36
[-] Response: 404 1.259 ms 
[-] Request: GET /__webpack_hmr at Mon Nov 11 2019 00:25:06 GMT+0530, User Agent: Mozilla/5.0 (Macintosh; Intel Mac OS X 10_14_5) AppleWebKit/537.36 (KHTML, like Gecko) Chrome/77.0.3865.90 Safari/537.36
[-] Response: 404 0.459 ms 
[-] Request: GET /__webpack_hmr at Mon Nov 11 2019 00:25:26 GMT+0530, User Agent: Mozilla/5.0 (Macintosh; Intel Mac OS X 10_14_5) AppleWebKit/537.36 (KHTML, like Gecko) Chrome/77.0.3865.90 Safari/537.36
[-] Response: 404 4.812 ms 
[-] Request: GET /report at Mon Nov 11 2019 00:25:28 GMT+0530, User Agent: Mozilla/5.0 (Macintosh; Intel Mac OS X 10_14_5) AppleWebKit/537.36 (KHTML, like Gecko) Chrome/77.0.3865.90 Safari/537.36
[undefined] Response Body:
<!doctype html>
<html class="no-js" lang="">

<head>
  <meta charset="utf-8">
  <title></title>
  <meta name="description" content="">
  <meta name="viewport" content="width=device-width, initial-scale=1, shrink-to-fit=no">

  <link rel="manifest" href="site.webmanifest">
  <link rel="apple-touch-icon" href="icon.png">
  <!-- Place favicon.ico in the root directory -->

  <link rel="stylesheet" href="https://stackpath.bootstrapcdn.com/bootstrap/4.3.1/css/bootstrap.min.css" integrity="sha384-ggOyR0iXCbMQv3Xipma34MD+dH/1fQ784/j6cY/iJTQUOhcWr7x9JvoRxT2MZw1T"
    crossorigin="anonymous">

  <!-- <link rel="stylesheet" href="css/normalize.css"> -->
  <!-- <link rel="stylesheet" href="css/main.css"> -->
  <link rel="stylesheet" href="css/styles.css">
  <script src="http://maps.google.com/maps/api/js?sensor=false" type="text/javascript"></script>

</head>

<body>
  <!--[if IE]>
    <p class="browserupgrade">You are using an <strong>outdated</strong> browser. Please <a href="https://browsehapp
[-] Response: 200 9.436 ms 
[-] Request: GET /api/v1/requirement at Mon Nov 11 2019 00:25:28 GMT+0530, User Agent: Mozilla/5.0 (Macintosh; Intel Mac OS X 10_14_5) AppleWebKit/537.36 (KHTML, like Gecko) Chrome/77.0.3865.90 Safari/537.36
[undefined] Response Body:
[
	{
		"active": true,
		"_id": "5dc855fd3233be880aac0ee2",
		"longitude": "78.3547013",
		"latitude": "17.505181999999998",
		"things": [],
		"date": "2019-11-10T18:25:01.271Z",
		"__v": 0
	}
]
[-] Response: 200 15.680 ms 
[-] Request: GET /__webpack_hmr at Mon Nov 11 2019 00:25:48 GMT+0530, User Agent: Mozilla/5.0 (Macintosh; Intel Mac OS X 10_14_5) AppleWebKit/537.36 (KHTML, like Gecko) Chrome/77.0.3865.90 Safari/537.36
[-] Response: 404 0.723 ms 
[-] Request: GET /report at Mon Nov 11 2019 00:25:58 GMT+0530, User Agent: Mozilla/5.0 (Macintosh; Intel Mac OS X 10_14_5) AppleWebKit/537.36 (KHTML, like Gecko) Chrome/77.0.3865.90 Safari/537.36
[undefined] Response Body:
<!doctype html>
<html class="no-js" lang="">

<head>
  <meta charset="utf-8">
  <title></title>
  <meta name="description" content="">
  <meta name="viewport" content="width=device-width, initial-scale=1, shrink-to-fit=no">

  <link rel="manifest" href="site.webmanifest">
  <link rel="apple-touch-icon" href="icon.png">
  <!-- Place favicon.ico in the root directory -->

  <link rel="stylesheet" href="https://stackpath.bootstrapcdn.com/bootstrap/4.3.1/css/bootstrap.min.css" integrity="sha384-ggOyR0iXCbMQv3Xipma34MD+dH/1fQ784/j6cY/iJTQUOhcWr7x9JvoRxT2MZw1T"
    crossorigin="anonymous">

  <!-- <link rel="stylesheet" href="css/normalize.css"> -->
  <!-- <link rel="stylesheet" href="css/main.css"> -->
  <link rel="stylesheet" href="css/styles.css">
  <script src="http://maps.google.com/maps/api/js?sensor=false" type="text/javascript"></script>

</head>

<body>
  <!--[if IE]>
    <p class="browserupgrade">You are using an <strong>outdated</strong> browser. Please <a href="https://browsehapp
[-] Response: 200 1.053 ms 
[-] Request: GET /api/v1/requirement at Mon Nov 11 2019 00:25:58 GMT+0530, User Agent: Mozilla/5.0 (Macintosh; Intel Mac OS X 10_14_5) AppleWebKit/537.36 (KHTML, like Gecko) Chrome/77.0.3865.90 Safari/537.36
[undefined] Response Body:
[
	{
		"active": true,
		"_id": "5dc855fd3233be880aac0ee2",
		"longitude": "78.3547013",
		"latitude": "17.505181999999998",
		"things": [],
		"date": "2019-11-10T18:25:01.271Z",
		"__v": 0
	}
]
[-] Response: 200 3.751 ms 
[-] Request: GET /__webpack_hmr at Mon Nov 11 2019 00:26:09 GMT+0530, User Agent: Mozilla/5.0 (Macintosh; Intel Mac OS X 10_14_5) AppleWebKit/537.36 (KHTML, like Gecko) Chrome/77.0.3865.90 Safari/537.36
[-] Response: 404 0.724 ms 
[-] Request: GET /report at Mon Nov 11 2019 00:26:15 GMT+0530, User Agent: Mozilla/5.0 (Macintosh; Intel Mac OS X 10_14_5) AppleWebKit/537.36 (KHTML, like Gecko) Chrome/77.0.3865.90 Safari/537.36
[undefined] Response Body:
<!doctype html>
<html class="no-js" lang="">

<head>
  <meta charset="utf-8">
  <title></title>
  <meta name="description" content="">
  <meta name="viewport" content="width=device-width, initial-scale=1, shrink-to-fit=no">

  <link rel="manifest" href="site.webmanifest">
  <link rel="apple-touch-icon" href="icon.png">
  <!-- Place favicon.ico in the root directory -->

  <link rel="stylesheet" href="https://stackpath.bootstrapcdn.com/bootstrap/4.3.1/css/bootstrap.min.css" integrity="sha384-ggOyR0iXCbMQv3Xipma34MD+dH/1fQ784/j6cY/iJTQUOhcWr7x9JvoRxT2MZw1T"
    crossorigin="anonymous">

  <!-- <link rel="stylesheet" href="css/normalize.css"> -->
  <!-- <link rel="stylesheet" href="css/main.css"> -->
  <link rel="stylesheet" href="css/styles.css">
  <script src="http://maps.google.com/maps/api/js?sensor=false" type="text/javascript"></script>

</head>

<body>
  <!--[if IE]>
    <p class="browserupgrade">You are using an <strong>outdated</strong> browser. Please <a href="https://browsehapp
[-] Response: 200 10.265 ms 
[-] Request: GET /api/v1/requirement at Mon Nov 11 2019 00:26:16 GMT+0530, User Agent: Mozilla/5.0 (Macintosh; Intel Mac OS X 10_14_5) AppleWebKit/537.36 (KHTML, like Gecko) Chrome/77.0.3865.90 Safari/537.36
[undefined] Response Body:
[
	{
		"active": true,
		"_id": "5dc855fd3233be880aac0ee2",
		"longitude": "78.3547013",
		"latitude": "17.505181999999998",
		"things": [],
		"date": "2019-11-10T18:25:01.271Z",
		"__v": 0
	}
]
[-] Response: 200 21.423 ms 
[-] Request: GET /report at Mon Nov 11 2019 00:26:25 GMT+0530, User Agent: Mozilla/5.0 (Macintosh; Intel Mac OS X 10_14_5) AppleWebKit/537.36 (KHTML, like Gecko) Chrome/77.0.3865.90 Safari/537.36
[undefined] Response Body:
<!doctype html>
<html class="no-js" lang="">

<head>
  <meta charset="utf-8">
  <title></title>
  <meta name="description" content="">
  <meta name="viewport" content="width=device-width, initial-scale=1, shrink-to-fit=no">

  <link rel="manifest" href="site.webmanifest">
  <link rel="apple-touch-icon" href="icon.png">
  <!-- Place favicon.ico in the root directory -->

  <link rel="stylesheet" href="https://stackpath.bootstrapcdn.com/bootstrap/4.3.1/css/bootstrap.min.css" integrity="sha384-ggOyR0iXCbMQv3Xipma34MD+dH/1fQ784/j6cY/iJTQUOhcWr7x9JvoRxT2MZw1T"
    crossorigin="anonymous">

  <!-- <link rel="stylesheet" href="css/normalize.css"> -->
  <!-- <link rel="stylesheet" href="css/main.css"> -->
  <link rel="stylesheet" href="css/styles.css">
  <script src="http://maps.google.com/maps/api/js?sensor=false" type="text/javascript"></script>

</head>

<body>
  <!--[if IE]>
    <p class="browserupgrade">You are using an <strong>outdated</strong> browser. Please <a href="https://browsehapp
[-] Response: 200 11.942 ms 
[-] Request: GET /api/v1/requirement at Mon Nov 11 2019 00:26:26 GMT+0530, User Agent: Mozilla/5.0 (Macintosh; Intel Mac OS X 10_14_5) AppleWebKit/537.36 (KHTML, like Gecko) Chrome/77.0.3865.90 Safari/537.36
[undefined] Response Body:
[
	{
		"active": true,
		"_id": "5dc855fd3233be880aac0ee2",
		"longitude": "78.3547013",
		"latitude": "17.505181999999998",
		"things": [],
		"date": "2019-11-10T18:25:01.271Z",
		"__v": 0
	}
]
[-] Response: 200 18.565 ms 
[-] Request: GET /__webpack_hmr at Mon Nov 11 2019 00:26:31 GMT+0530, User Agent: Mozilla/5.0 (Macintosh; Intel Mac OS X 10_14_5) AppleWebKit/537.36 (KHTML, like Gecko) Chrome/77.0.3865.90 Safari/537.36
[-] Response: 404 1.518 ms 
[-] Request: GET /__webpack_hmr at Mon Nov 11 2019 00:26:52 GMT+0530, User Agent: Mozilla/5.0 (Macintosh; Intel Mac OS X 10_14_5) AppleWebKit/537.36 (KHTML, like Gecko) Chrome/77.0.3865.90 Safari/537.36
[-] Response: 404 7.628 ms 
[-] Request: GET /sms at Mon Nov 11 2019 00:26:52 GMT+0530, User Agent: Mozilla/5.0 (Macintosh; Intel Mac OS X 10_14_5) AppleWebKit/537.36 (KHTML, like Gecko) Chrome/77.0.3865.90 Safari/537.36
[undefined] Response Body:
<!doctype html>
<html class="no-js" lang="">

<head>
  <meta charset="utf-8">
  <title></title>
  <meta name="description" content="">
  <meta name="viewport" content="width=device-width, initial-scale=1, shrink-to-fit=no">

  <link rel="manifest" href="site.webmanifest">
  <link rel="apple-touch-icon" href="icon.png">
  <!-- Place favicon.ico in the root directory -->

  <link rel="stylesheet" href="https://stackpath.bootstrapcdn.com/bootstrap/4.3.1/css/bootstrap.min.css" integrity="sha384-ggOyR0iXCbMQv3Xipma34MD+dH/1fQ784/j6cY/iJTQUOhcWr7x9JvoRxT2MZw1T"
    crossorigin="anonymous">

  <!-- <link rel="stylesheet" href="css/normalize.css"> -->
  <!-- <link rel="stylesheet" href="css/main.css"> -->
  <link rel="stylesheet" href="css/styles.css">
</head>

<body>
  <!--[if IE]>
    <p class="browserupgrade">You are using an <strong>outdated</strong> browser. Please <a href="https://browsehappy.com/">upgrade your browser</a> to improve your experience and security.</p>
  <![endif]-->

  <!
[-] Response: 200 26.072 ms 
[-] Request: POST /api/v1/requirement at Mon Nov 11 2019 00:27:09 GMT+0530, User Agent: Mozilla/5.0 (Macintosh; Intel Mac OS X 10_14_5) AppleWebKit/537.36 (KHTML, like Gecko) Chrome/77.0.3865.90 Safari/537.36
[undefined] Request Body:
{
	"longitude": "78.3547415",
	"latitude": "17.505166799999998",
	"things[0][name]": "food",
	"things[0][quantity]": "3",
	"things[1][name]": "medicine",
	"things[1][quantity]": "-5",
	"things[2][name]": "sanitation",
	"things[2][quantity]": "3",
	"things[3][name]": "water",
	"things[3][quantity]": "-6"
}
[undefined] Response Body:
{
	"active": true,
	"_id": "5dc85d857e77f68b611ebb96",
	"longitude": "78.3547415",
	"latitude": "17.505166799999998",
	"things": [],
	"date": "2019-11-10T18:57:09.515Z",
	"__v": 0
}
[-] Response: 200 35.473 ms 
[-] Request: GET /__webpack_hmr at Mon Nov 11 2019 00:27:12 GMT+0530, User Agent: Mozilla/5.0 (Macintosh; Intel Mac OS X 10_14_5) AppleWebKit/537.36 (KHTML, like Gecko) Chrome/77.0.3865.90 Safari/537.36
[-] Response: 404 1.139 ms 
[-] Request: GET /__webpack_hmr at Mon Nov 11 2019 00:27:33 GMT+0530, User Agent: Mozilla/5.0 (Macintosh; Intel Mac OS X 10_14_5) AppleWebKit/537.36 (KHTML, like Gecko) Chrome/77.0.3865.90 Safari/537.36
[-] Response: 404 1.475 ms 
[-] Request: GET /__webpack_hmr at Mon Nov 11 2019 00:27:54 GMT+0530, User Agent: Mozilla/5.0 (Macintosh; Intel Mac OS X 10_14_5) AppleWebKit/537.36 (KHTML, like Gecko) Chrome/77.0.3865.90 Safari/537.36
[-] Response: 404 0.498 ms 
[-] Request: GET /__webpack_hmr at Mon Nov 11 2019 00:28:15 GMT+0530, User Agent: Mozilla/5.0 (Macintosh; Intel Mac OS X 10_14_5) AppleWebKit/537.36 (KHTML, like Gecko) Chrome/77.0.3865.90 Safari/537.36
[-] Response: 404 0.769 ms 
[-] Request: GET /__webpack_hmr at Mon Nov 11 2019 00:28:36 GMT+0530, User Agent: Mozilla/5.0 (Macintosh; Intel Mac OS X 10_14_5) AppleWebKit/537.36 (KHTML, like Gecko) Chrome/77.0.3865.90 Safari/537.36
[-] Response: 404 1.494 ms 
[-] Request: GET /__webpack_hmr at Mon Nov 11 2019 00:28:58 GMT+0530, User Agent: Mozilla/5.0 (Macintosh; Intel Mac OS X 10_14_5) AppleWebKit/537.36 (KHTML, like Gecko) Chrome/77.0.3865.90 Safari/537.36
[-] Response: 404 0.468 ms 
[-] Request: GET /__webpack_hmr at Mon Nov 11 2019 00:29:19 GMT+0530, User Agent: Mozilla/5.0 (Macintosh; Intel Mac OS X 10_14_5) AppleWebKit/537.36 (KHTML, like Gecko) Chrome/77.0.3865.90 Safari/537.36
[-] Response: 404 0.623 ms 
[-] Request: GET /__webpack_hmr at Mon Nov 11 2019 00:29:40 GMT+0530, User Agent: Mozilla/5.0 (Macintosh; Intel Mac OS X 10_14_5) AppleWebKit/537.36 (KHTML, like Gecko) Chrome/77.0.3865.90 Safari/537.36
[-] Response: 404 5.738 ms 
[-] Request: GET /sms at Mon Nov 11 2019 00:29:40 GMT+0530, User Agent: Mozilla/5.0 (Macintosh; Intel Mac OS X 10_14_5) AppleWebKit/537.36 (KHTML, like Gecko) Chrome/77.0.3865.90 Safari/537.36
[undefined] Response Body:
<!doctype html>
<html class="no-js" lang="">

<head>
  <meta charset="utf-8">
  <title></title>
  <meta name="description" content="">
  <meta name="viewport" content="width=device-width, initial-scale=1, shrink-to-fit=no">

  <link rel="manifest" href="site.webmanifest">
  <link rel="apple-touch-icon" href="icon.png">
  <!-- Place favicon.ico in the root directory -->

  <link rel="stylesheet" href="https://stackpath.bootstrapcdn.com/bootstrap/4.3.1/css/bootstrap.min.css" integrity="sha384-ggOyR0iXCbMQv3Xipma34MD+dH/1fQ784/j6cY/iJTQUOhcWr7x9JvoRxT2MZw1T"
    crossorigin="anonymous">

  <!-- <link rel="stylesheet" href="css/normalize.css"> -->
  <!-- <link rel="stylesheet" href="css/main.css"> -->
  <link rel="stylesheet" href="css/styles.css">
</head>

<body>
  <!--[if IE]>
    <p class="browserupgrade">You are using an <strong>outdated</strong> browser. Please <a href="https://browsehappy.com/">upgrade your browser</a> to improve your experience and security.</p>
  <![endif]-->

  <!
[-] Response: 200 8.878 ms 
[-] Request: POST /api/v1/requirement at Mon Nov 11 2019 00:29:54 GMT+0530, User Agent: Mozilla/5.0 (Macintosh; Intel Mac OS X 10_14_5) AppleWebKit/537.36 (KHTML, like Gecko) Chrome/77.0.3865.90 Safari/537.36
[undefined] Request Body:
{
	"longitude": 78.35469940000002,
	"latitude": 17.505118,
	"things": [
		{
			"name": "food",
			"quantity": "3"
		},
		{
			"name": "medicine",
			"quantity": "-4"
		},
		{
			"name": "sanitation",
			"quantity": "5"
		},
		{
			"name": "water",
			"quantity": "-5"
		}
	]
}
[undefined] Response Body:
{
	"active": true,
	"_id": "5dc85e2a61ad598b71061aa0",
	"longitude": "78.35469940000002",
	"latitude": "17.505118",
	"things": [
		{
			"_id": "5dc85e2a61ad598b71061aa4",
			"name": "food",
			"quantity": 3
		},
		{
			"_id": "5dc85e2a61ad598b71061aa3",
			"name": "medicine",
			"quantity": -4
		},
		{
			"_id": "5dc85e2a61ad598b71061aa2",
			"name": "sanitation",
			"quantity": 5
		},
		{
			"_id": "5dc85e2a61ad598b71061aa1",
			"name": "water",
			"quantity": -5
		}
	],
	"date": "2019-11-10T18:59:54.181Z",
	"__v": 0
}
[-] Response: 200 29.365 ms 
[-] Request: GET /__webpack_hmr at Mon Nov 11 2019 00:30:01 GMT+0530, User Agent: Mozilla/5.0 (Macintosh; Intel Mac OS X 10_14_5) AppleWebKit/537.36 (KHTML, like Gecko) Chrome/77.0.3865.90 Safari/537.36
[-] Response: 404 1.110 ms 
[-] Request: GET /__webpack_hmr at Mon Nov 11 2019 00:30:22 GMT+0530, User Agent: Mozilla/5.0 (Macintosh; Intel Mac OS X 10_14_5) AppleWebKit/537.36 (KHTML, like Gecko) Chrome/77.0.3865.90 Safari/537.36
[-] Response: 404 7.071 ms 
[-] Request: GET /__webpack_hmr at Mon Nov 11 2019 00:31:05 GMT+0530, User Agent: Mozilla/5.0 (Macintosh; Intel Mac OS X 10_14_5) AppleWebKit/537.36 (KHTML, like Gecko) Chrome/77.0.3865.90 Safari/537.36
[-] Response: 404 6.859 ms 
[-] Request: GET /__webpack_hmr at Mon Nov 11 2019 00:31:25 GMT+0530, User Agent: Mozilla/5.0 (Macintosh; Intel Mac OS X 10_14_5) AppleWebKit/537.36 (KHTML, like Gecko) Chrome/77.0.3865.90 Safari/537.36
[-] Response: 404 1.286 ms 
[-] Request: GET /sms at Mon Nov 11 2019 00:31:43 GMT+0530, User Agent: Mozilla/5.0 (Macintosh; Intel Mac OS X 10_14_5) AppleWebKit/537.36 (KHTML, like Gecko) Chrome/77.0.3865.90 Safari/537.36
[undefined] Response Body:
<!doctype html>
<html class="no-js" lang="">

<head>
  <meta charset="utf-8">
  <title></title>
  <meta name="description" content="">
  <meta name="viewport" content="width=device-width, initial-scale=1, shrink-to-fit=no">

  <link rel="manifest" href="site.webmanifest">
  <link rel="apple-touch-icon" href="icon.png">
  <!-- Place favicon.ico in the root directory -->

  <link rel="stylesheet" href="https://stackpath.bootstrapcdn.com/bootstrap/4.3.1/css/bootstrap.min.css" integrity="sha384-ggOyR0iXCbMQv3Xipma34MD+dH/1fQ784/j6cY/iJTQUOhcWr7x9JvoRxT2MZw1T"
    crossorigin="anonymous">

  <!-- <link rel="stylesheet" href="css/normalize.css"> -->
  <!-- <link rel="stylesheet" href="css/main.css"> -->
  <link rel="stylesheet" href="css/styles.css">
</head>

<body>
  <!--[if IE]>
    <p class="browserupgrade">You are using an <strong>outdated</strong> browser. Please <a href="https://browsehappy.com/">upgrade your browser</a> to improve your experience and security.</p>
  <![endif]-->

  <!
[-] Response: 200 9.730 ms 
[-] Request: GET /__webpack_hmr at Mon Nov 11 2019 00:31:46 GMT+0530, User Agent: Mozilla/5.0 (Macintosh; Intel Mac OS X 10_14_5) AppleWebKit/537.36 (KHTML, like Gecko) Chrome/77.0.3865.90 Safari/537.36
[-] Response: 404 2.161 ms 
[-] Request: POST /api/v1/requirement at Mon Nov 11 2019 00:31:52 GMT+0530, User Agent: Mozilla/5.0 (Macintosh; Intel Mac OS X 10_14_5) AppleWebKit/537.36 (KHTML, like Gecko) Chrome/77.0.3865.90 Safari/537.36
[undefined] Request Body:
{
	"longitude": 78.35466629999999,
	"latitude": 17.5051281,
	"things": [
		{
			"name": "food",
			"quantity": "3"
		},
		{
			"name": "medicine",
			"quantity": "-7"
		},
		{
			"name": "sanitation",
			"quantity": "5"
		},
		{
			"name": "water",
			"quantity": "-7"
		}
	]
}
[undefined] Response Body:
{
	"active": true,
	"_id": "5dc85ea003029a8b938aa7dc",
	"longitude": "78.35466629999999",
	"latitude": "17.5051281",
	"things": [
		{
			"_id": "5dc85ea003029a8b938aa7e0",
			"name": "food",
			"quantity": 3
		},
		{
			"_id": "5dc85ea003029a8b938aa7df",
			"name": "medicine",
			"quantity": -7
		},
		{
			"_id": "5dc85ea003029a8b938aa7de",
			"name": "sanitation",
			"quantity": 5
		},
		{
			"_id": "5dc85ea003029a8b938aa7dd",
			"name": "water",
			"quantity": -7
		}
	],
	"date": "2019-11-10T19:01:52.682Z",
	"__v": 0
}
[-] Response: 200 28.672 ms 
[-] Request: GET /report at Mon Nov 11 2019 00:31:59 GMT+0530, User Agent: Mozilla/5.0 (Macintosh; Intel Mac OS X 10_14_5) AppleWebKit/537.36 (KHTML, like Gecko) Chrome/77.0.3865.90 Safari/537.36
[undefined] Response Body:
<!doctype html>
<html class="no-js" lang="">

<head>
  <meta charset="utf-8">
  <title></title>
  <meta name="description" content="">
  <meta name="viewport" content="width=device-width, initial-scale=1, shrink-to-fit=no">

  <link rel="manifest" href="site.webmanifest">
  <link rel="apple-touch-icon" href="icon.png">
  <!-- Place favicon.ico in the root directory -->

  <link rel="stylesheet" href="https://stackpath.bootstrapcdn.com/bootstrap/4.3.1/css/bootstrap.min.css" integrity="sha384-ggOyR0iXCbMQv3Xipma34MD+dH/1fQ784/j6cY/iJTQUOhcWr7x9JvoRxT2MZw1T"
    crossorigin="anonymous">

  <!-- <link rel="stylesheet" href="css/normalize.css"> -->
  <!-- <link rel="stylesheet" href="css/main.css"> -->
  <link rel="stylesheet" href="css/styles.css">
  <script src="http://maps.google.com/maps/api/js?sensor=false" type="text/javascript"></script>

</head>

<body>
  <!--[if IE]>
    <p class="browserupgrade">You are using an <strong>outdated</strong> browser. Please <a href="https://browsehapp
[-] Response: 200 2.088 ms 
[-] Request: GET /api/v1/requirement at Mon Nov 11 2019 00:31:59 GMT+0530, User Agent: Mozilla/5.0 (Macintosh; Intel Mac OS X 10_14_5) AppleWebKit/537.36 (KHTML, like Gecko) Chrome/77.0.3865.90 Safari/537.36
[undefined] Response Body:
[
	{
		"active": true,
		"_id": "5dc85ea003029a8b938aa7dc",
		"longitude": "78.35466629999999",
		"latitude": "17.5051281",
		"things": [
			{
				"_id": "5dc85ea003029a8b938aa7e0",
				"name": "food",
				"quantity": 3
			},
			{
				"_id": "5dc85ea003029a8b938aa7df",
				"name": "medicine",
				"quantity": -7
			},
			{
				"_id": "5dc85ea003029a8b938aa7de",
				"name": "sanitation",
				"quantity": 5
			},
			{
				"_id": "5dc85ea003029a8b938aa7dd",
				"name": "water",
				"quantity": -7
			}
		],
		"date": "2019-11-10T19:01:52.682Z",
		"__v": 0
	}
]
[-] Response: 200 12.363 ms 
[-] Request: GET /__webpack_hmr at Mon Nov 11 2019 00:32:07 GMT+0530, User Agent: Mozilla/5.0 (Macintosh; Intel Mac OS X 10_14_5) AppleWebKit/537.36 (KHTML, like Gecko) Chrome/77.0.3865.90 Safari/537.36
[-] Response: 404 0.600 ms 
[-] Request: GET /__webpack_hmr at Mon Nov 11 2019 00:32:28 GMT+0530, User Agent: Mozilla/5.0 (Macintosh; Intel Mac OS X 10_14_5) AppleWebKit/537.36 (KHTML, like Gecko) Chrome/77.0.3865.90 Safari/537.36
[-] Response: 404 0.562 ms 
[-] Request: GET /__webpack_hmr at Mon Nov 11 2019 00:32:51 GMT+0530, User Agent: Mozilla/5.0 (Macintosh; Intel Mac OS X 10_14_5) AppleWebKit/537.36 (KHTML, like Gecko) Chrome/77.0.3865.90 Safari/537.36
[-] Response: 404 7.770 ms 
[-] Request: GET /__webpack_hmr at Mon Nov 11 2019 00:33:11 GMT+0530, User Agent: Mozilla/5.0 (Macintosh; Intel Mac OS X 10_14_5) AppleWebKit/537.36 (KHTML, like Gecko) Chrome/77.0.3865.90 Safari/537.36
[-] Response: 404 0.996 ms 
[-] Request: GET /__webpack_hmr at Mon Nov 11 2019 00:33:33 GMT+0530, User Agent: Mozilla/5.0 (Macintosh; Intel Mac OS X 10_14_5) AppleWebKit/537.36 (KHTML, like Gecko) Chrome/77.0.3865.90 Safari/537.36
[-] Response: 404 7.124 ms 
[-] Request: GET /__webpack_hmr at Mon Nov 11 2019 00:33:54 GMT+0530, User Agent: Mozilla/5.0 (Macintosh; Intel Mac OS X 10_14_5) AppleWebKit/537.36 (KHTML, like Gecko) Chrome/77.0.3865.90 Safari/537.36
[-] Response: 404 6.725 ms 
[-] Request: GET /report at Mon Nov 11 2019 00:33:59 GMT+0530, User Agent: Mozilla/5.0 (Macintosh; Intel Mac OS X 10_14_5) AppleWebKit/537.36 (KHTML, like Gecko) Chrome/77.0.3865.90 Safari/537.36
[undefined] Response Body:
<!doctype html>
<html class="no-js" lang="">

<head>
  <meta charset="utf-8">
  <title></title>
  <meta name="description" content="">
  <meta name="viewport" content="width=device-width, initial-scale=1, shrink-to-fit=no">

  <link rel="manifest" href="site.webmanifest">
  <link rel="apple-touch-icon" href="icon.png">
  <!-- Place favicon.ico in the root directory -->

  <link rel="stylesheet" href="https://stackpath.bootstrapcdn.com/bootstrap/4.3.1/css/bootstrap.min.css" integrity="sha384-ggOyR0iXCbMQv3Xipma34MD+dH/1fQ784/j6cY/iJTQUOhcWr7x9JvoRxT2MZw1T"
    crossorigin="anonymous">

  <!-- <link rel="stylesheet" href="css/normalize.css"> -->
  <!-- <link rel="stylesheet" href="css/main.css"> -->
  <link rel="stylesheet" href="css/styles.css">
  <script src="http://maps.google.com/maps/api/js?sensor=false" type="text/javascript"></script>

</head>

<body>
  <!--[if IE]>
    <p class="browserupgrade">You are using an <strong>outdated</strong> browser. Please <a href="https://browsehapp
[-] Response: 200 10.925 ms 
[-] Request: GET /api/v1/requirement at Mon Nov 11 2019 00:34:00 GMT+0530, User Agent: Mozilla/5.0 (Macintosh; Intel Mac OS X 10_14_5) AppleWebKit/537.36 (KHTML, like Gecko) Chrome/77.0.3865.90 Safari/537.36
[undefined] Response Body:
[
	{
		"active": true,
		"_id": "5dc85ea003029a8b938aa7dc",
		"longitude": "78.35466629999999",
		"latitude": "17.5051281",
		"things": [
			{
				"_id": "5dc85ea003029a8b938aa7e0",
				"name": "food",
				"quantity": 3
			},
			{
				"_id": "5dc85ea003029a8b938aa7df",
				"name": "medicine",
				"quantity": -7
			},
			{
				"_id": "5dc85ea003029a8b938aa7de",
				"name": "sanitation",
				"quantity": 5
			},
			{
				"_id": "5dc85ea003029a8b938aa7dd",
				"name": "water",
				"quantity": -7
			}
		],
		"date": "2019-11-10T19:01:52.682Z",
		"__v": 0
	}
]
[-] Response: 200 19.124 ms 
[-] Request: GET /__webpack_hmr at Mon Nov 11 2019 00:34:16 GMT+0530, User Agent: Mozilla/5.0 (Macintosh; Intel Mac OS X 10_14_5) AppleWebKit/537.36 (KHTML, like Gecko) Chrome/77.0.3865.90 Safari/537.36
[-] Response: 404 2.209 ms 
[-] Request: GET /__webpack_hmr at Mon Nov 11 2019 00:34:37 GMT+0530, User Agent: Mozilla/5.0 (Macintosh; Intel Mac OS X 10_14_5) AppleWebKit/537.36 (KHTML, like Gecko) Chrome/77.0.3865.90 Safari/537.36
[-] Response: 404 1.311 ms 
